<?xml version="1.0" encoding="UTF-8"?>
<testsuite name="TestSuite" time="17.486" tests="6" errors="0" skipped="0" failures="5">
  <properties>
[...]
</properties>
  <testcase name="loginDDT" classname="com.inetbanking.testCases.TC_LoginDDT_002" time="17.486">
    <failure message="expected [true] but found [false]" type="java.lang.AssertionError">java.lang.AssertionError: expected [true] but found [false]
	at org.testng.Assert.fail(Assert.java:96)
	at org.testng.Assert.failNotEquals(Assert.java:776)
	at org.testng.Assert.assertTrue(Assert.java:44)
	at org.testng.Assert.assertTrue(Assert.java:54)
	at com.inetbanking.testCases.TC_LoginDDT_002.loginDDT(TC_LoginDDT_002.java:33)
</failure>
    <system-out><![CDATA[ INFO [main] (TC_LoginDDT_002.java:23)- username provided
 INFO [main] (TC_LoginDDT_002.java:25)- password proivded
]]></system-out>
    <system-err><![CDATA[SLF4J: Failed to load class "org.slf4j.impl.StaticLoggerBinder".
SLF4J: Defaulting to no-operation (NOP) logger implementation
SLF4J: See http://www.slf4j.org/codes.html#StaticLoggerBinder for further details.
Starting MSEdgeDriver 91.0.864.48 (27d934e7c76a9077a5bb7cc1512b894d360169ec) on port 10253
Only local connections are allowed.
Please see https://chromedriver.chromium.org/security-considerations for suggestions on keeping MSEdgeDriver safe.
MSEdgeDriver was started successfully.
Jun 14, 2021 3:29:06 PM org.openqa.selenium.remote.ProtocolHandshake createSession
INFO: Detected dialect: W3C
]]></system-err>
  </testcase>
  <testcase name="loginDDT" classname="com.inetbanking.testCases.TC_LoginDDT_002" time="8.63">
    <failure message="expected [true] but found [false]" type="java.lang.AssertionError">java.lang.AssertionError: expected [true] but found [false]
	at org.testng.Assert.fail(Assert.java:96)
	at org.testng.Assert.failNotEquals(Assert.java:776)
	at org.testng.Assert.assertTrue(Assert.java:44)
	at org.testng.Assert.assertTrue(Assert.java:54)
	at com.inetbanking.testCases.TC_LoginDDT_002.loginDDT(TC_LoginDDT_002.java:33)
</failure>
    <system-out><![CDATA[ INFO [main] (TC_LoginDDT_002.java:23)- username provided
 INFO [main] (TC_LoginDDT_002.java:25)- password proivded
]]></system-out>
  </testcase>
  <testcase name="loginDDT" classname="com.inetbanking.testCases.TC_LoginDDT_002" time="7.224">
    <failure message="expected [true] but found [false]" type="java.lang.AssertionError">java.lang.AssertionError: expected [true] but found [false]
	at org.testng.Assert.fail(Assert.java:96)
	at org.testng.Assert.failNotEquals(Assert.java:776)
	at org.testng.Assert.assertTrue(Assert.java:44)
	at org.testng.Assert.assertTrue(Assert.java:54)
	at com.inetbanking.testCases.TC_LoginDDT_002.loginDDT(TC_LoginDDT_002.java:33)
</failure>
    <system-out><![CDATA[ INFO [main] (TC_LoginDDT_002.java:23)- username provided
 INFO [main] (TC_LoginDDT_002.java:25)- password proivded
]]></system-out>
  </testcase>
  <testcase name="loginDDT" classname="com.inetbanking.testCases.TC_LoginDDT_002" time="7.038">
    <failure message="expected [true] but found [false]" type="java.lang.AssertionError">java.lang.AssertionError: expected [true] but found [false]
	at org.testng.Assert.fail(Assert.java:96)
	at org.testng.Assert.failNotEquals(Assert.java:776)
	at org.testng.Assert.assertTrue(Assert.java:44)
	at org.testng.Assert.assertTrue(Assert.java:54)
	at com.inetbanking.testCases.TC_LoginDDT_002.loginDDT(TC_LoginDDT_002.java:33)
</failure>
    <system-out><![CDATA[ INFO [main] (TC_LoginDDT_002.java:23)- username provided
 INFO [main] (TC_LoginDDT_002.java:25)- password proivded
]]></system-out>
  </testcase>
  <testcase name="loginDDT" classname="com.inetbanking.testCases.TC_LoginDDT_002" time="8.58">
    <failure message="expected [true] but found [false]" type="java.lang.AssertionError">java.lang.AssertionError: expected [true] but found [false]
	at org.testng.Assert.fail(Assert.java:96)
	at org.testng.Assert.failNotEquals(Assert.java:776)
	at org.testng.Assert.assertTrue(Assert.java:44)
	at org.testng.Assert.assertTrue(Assert.java:54)
	at com.inetbanking.testCases.TC_LoginDDT_002.loginDDT(TC_LoginDDT_002.java:33)
</failure>
    <system-out><![CDATA[ INFO [main] (TC_LoginDDT_002.java:23)- username provided
 INFO [main] (TC_LoginDDT_002.java:25)- password proivded
]]></system-out>
  </testcase>
  <testcase name="loginDDT" classname="com.inetbanking.testCases.TC_LoginDDT_002" time="16.189"/>
</testsuite>