<?xml version="1.0" encoding="UTF-8"?>
<testng-results skipped="0" failed="0" total="1" passed="1">
  <reporter-output>
  </reporter-output>
  <suite name="InetBanking" duration-ms="122495" started-at="2021-06-14T07:15:07Z" finished-at="2021-06-14T07:17:10Z">
    <groups>
    </groups>
    <test name="BankingApplication" duration-ms="122495" started-at="2021-06-14T07:15:07Z" finished-at="2021-06-14T07:17:10Z">
      <class name="com.inetbanking.testCases.TC_AddCustomerTest_003">
        <test-method status="PASS" signature="setup(java.lang.String)[pri:0, instance:com.inetbanking.testCases.TC_AddCustomerTest_003@7f63425a]" name="setup" is-config="true" duration-ms="66564" started-at="2021-06-14T12:45:08Z" finished-at="2021-06-14T12:46:14Z">
          <params>
            <param index="0">
              <value>
                <![CDATA[firefox]]>
              </value>
            </param>
          </params>
          <reporter-output>
          </reporter-output>
        </test-method> <!-- setup -->
        <test-method status="PASS" signature="addNewCustomer()[pri:0, instance:com.inetbanking.testCases.TC_AddCustomerTest_003@7f63425a]" name="addNewCustomer" duration-ms="55438" started-at="2021-06-14T12:46:14Z" finished-at="2021-06-14T12:47:10Z">
          <reporter-output>
          </reporter-output>
        </test-method> <!-- addNewCustomer -->
        <test-method status="PASS" signature="tearDown()[pri:0, instance:com.inetbanking.testCases.TC_AddCustomerTest_003@7f63425a]" name="tearDown" is-config="true" duration-ms="0" started-at="2021-06-14T12:47:10Z" finished-at="2021-06-14T12:47:10Z">
          <reporter-output>
          </reporter-output>
        </test-method> <!-- tearDown -->
      </class> <!-- com.inetbanking.testCases.TC_AddCustomerTest_003 -->
    </test> <!-- BankingApplication -->
  </suite> <!-- InetBanking -->
</testng-results>
